%MSG-i PopCon:  RPCLBLinkMapPopConAnalyzer:RPCLBLinkMapPopConAnalyzer@ctor  27-Nov-2017 18:00:35 CET pre-events
This is PopCon (Populator of Condition) v5.0.
Please report any problem and feature request through the JIRA project CMSCONDDB.

%MSG
%MSG-i RPCDCCLinkMapHandler:   RPCLBLinkMapPopConAnalyzer:RPCLBLinkMapPopConAnalyzer@ctor  27-Nov-2017 18:00:35 CET pre-events
Configuring Input Connection
%MSG
Begin processing the 1st record. Run 1, Event 1, LumiSection 1 at 27-Nov-2017 18:00:35.528 CET
%MSG-i PopCon:  RPCLBLinkMapPopConAnalyzer:RPCLBLinkMapPopConAnalyzer@endJob  27-Nov-2017 18:00:35 CET PostGlobalEndRun
payload name 
%MSG
%MSG-i PopCon:  RPCLBLinkMapPopConAnalyzer:RPCLBLinkMapPopConAnalyzer@endJob  27-Nov-2017 18:00:35 CET PostGlobalEndRun
destination DB: sqlite_file:data/RPCLinkMap.db, target DB: sqlite_file:data/RPCLinkMap.db
TAG: RPCLBLinkMap_v1; First writer to this new tag.
%MSG
%MSG-i RPCLBLinkMapHandler:   RPCLBLinkMapPopConAnalyzer:RPCLBLinkMapPopConAnalyzer@endJob  27-Nov-2017 18:00:35 CET PostGlobalEndRun
getNewObjects
%MSG
%MSG-i RPCDCCLinkMapHandler:   RPCLBLinkMapPopConAnalyzer:RPCLBLinkMapPopConAnalyzer@endJob  27-Nov-2017 18:00:35 CET PostGlobalEndRun
Opening read-only Input Session
%MSG
%MSG-i RPCDCCLinkMapHandler:   RPCLBLinkMapPopConAnalyzer:RPCLBLinkMapPopConAnalyzer@endJob  27-Nov-2017 18:00:35 CET PostGlobalEndRun
Started Input Transaction
%MSG
%MSG-i RPCLBLinkMapHandler:   RPCLBLinkMapPopConAnalyzer:RPCLBLinkMapPopConAnalyzer@endJob  27-Nov-2017 18:00:35 CET PostGlobalEndRun
Execute query
%MSG
%MSG-i RPCLBLinkMapHandler:   RPCLBLinkMapPopConAnalyzer:RPCLBLinkMapPopConAnalyzer@endJob  27-Nov-2017 18:00:42 CET PostGlobalEndRun
Fill txtFile
%MSG
%MSG-i RPCLBLinkMapHandler:   RPCLBLinkMapPopConAnalyzer:RPCLBLinkMapPopConAnalyzer@endJob  27-Nov-2017 18:00:42 CET PostGlobalEndRun
Add to transfer list
%MSG
%MSG-i PopCon:  RPCLBLinkMapPopConAnalyzer:RPCLBLinkMapPopConAnalyzer@endJob  27-Nov-2017 18:00:42 CET PostGlobalEndRun
Since 1
%MSG
